<?xml version="1.0" encoding="UTF-8"?>
<testng-results skipped="0" failed="0" total="1" passed="1">
  <reporter-output>
  </reporter-output>
  <suite name="Surefire suite" duration-ms="145241" started-at="2016-06-29T08:42:02Z" finished-at="2016-06-29T08:44:28Z">
    <groups>
    </groups>
    <test name="Surefire test" duration-ms="145241" started-at="2016-06-29T08:42:02Z" finished-at="2016-06-29T08:44:28Z">
      <class name="mTin.SmokeTest">
        <test-method status="PASS" signature="f()[pri:0, instance:mTin.SmokeTest@17f6480]" name="f" duration-ms="145219" started-at="2016-06-29T10:42:02Z" finished-at="2016-06-29T10:44:28Z">
          <reporter-output>
          </reporter-output>
        </test-method> <!-- f -->
      </class> <!-- mTin.SmokeTest -->
    </test> <!-- Surefire test -->
  </suite> <!-- Surefire suite -->
</testng-results>
